-----------------------------------------------------------------------------

Input image     : none[1:58,1:58] 
Init. par. file : /media/BACKUP/sdss_sample/fits/1_devexp/galfit.01 
Restart file    : galfit.01 
Output image    : O_00000002_r_stamp.fits 

 sersic   : (30.07, 30.12)   18.68   2.41    4.00    0.60   83.23  0.00 
              (nan, nan)   nan     nan     nan     nan    nan    nan  
 expdisk  : (30.74, 30.62)   19.92   9.03    0.57    44.38   0.00  
              (nan, nan)   nan     nan     nan     nan     nan   
 sky      : [29.50, 29.50]   2.58    0.00e+00   0.00e+00
                             nan     nan     nan  
 Chi^2 = nan,  ndof = 3351
 Chi^2/nu = nan 

-----------------------------------------------------------------------------
-----------------------------------------------------------------------------

Input image     : none[1:58,1:58] 
Init. par. file : galfit.01 
Restart file    : galfit.02 
Output image    : O_00000002_r_stamp.fits 

 sersic   : (30.07, 30.12)   18.68   2.41    4.00    0.60   83.23  0.00 
              (nan, nan)   nan     nan     nan     nan    nan    nan  
 expdisk  : (30.74, 30.62)   19.92   9.03    0.57    44.38   0.00  
              (nan, nan)   nan     nan     nan     nan     nan   
 sky      : [29.50, 29.50]   2.58    0.00e+00   0.00e+00
                             nan     nan     nan  
 Chi^2 = nan,  ndof = 3351
 Chi^2/nu = nan 

-----------------------------------------------------------------------------
-----------------------------------------------------------------------------

Input image     : 00000002_r_stamp.fits[1:58,1:58] 
Init. par. file : galfit.01 
Restart file    : galfit.02 
Output image    : O_00000002_r_stamp.fits 

 sersic   : (30.07, 30.12)   18.68   2.41    4.00    0.60   83.23  0.00 
              (0.01, 0.01)   0.02    0.07    0.00    0.01   1.44   0.00 
 expdisk  : (30.74, 30.62)   19.92   9.03    0.57    44.38   0.00  
              (0.35, 0.35)   0.10    0.99    0.03    4.15    0.00  
 sky      : [29.50, 29.50]   2.58    0.00e+00   0.00e+00
                             0.00    0.00e+00   0.00e+00
 Chi^2 = 3432.41960,  ndof = 3351
 Chi^2/nu = 1.024 

-----------------------------------------------------------------------------
-----------------------------------------------------------------------------

Input image     : 00000002_r_stamp.fits[1:58,1:58] 
Init. par. file : galfit.01 
Restart file    : galfit.03 
Output image    : O_00000002_r_stamp.fits 

 sersic   : (30.07, 30.12)   18.68   2.41    4.00    0.60   83.23  0.00 
              (0.01, 0.01)   0.02    0.07    0.00    0.01   1.44   0.00 
 expdisk  : (30.74, 30.62)   19.92   9.03    0.57    44.38   0.00  
              (0.35, 0.35)   0.10    0.99    0.03    4.15    0.00  
 sky      : [29.50, 29.50]   2.58    0.00e+00   0.00e+00
                             0.00    0.00e+00   0.00e+00
 Chi^2 = 3432.41960,  ndof = 3351
 Chi^2/nu = 1.024 

-----------------------------------------------------------------------------
-----------------------------------------------------------------------------

Input image     : 00000002_r_stamp.fits[1:58,1:58] 
Init. par. file : galfit.01 
Restart file    : galfit.04 
Output image    : O_00000002_r_stamp.fits 

 sersic   : (30.07, 30.12)   18.68   2.41    4.00    0.60   83.23  0.00 
              (0.01, 0.01)   0.02    0.07    0.00    0.01   1.44   0.00 
 expdisk  : (30.74, 30.62)   19.92   9.03    0.57    44.38   0.00  
              (0.35, 0.35)   0.10    0.99    0.03    4.15    0.00  
 sky      : [29.50, 29.50]   2.58    0.00e+00   0.00e+00
                             0.00    0.00e+00   0.00e+00
 Chi^2 = 3432.41960,  ndof = 3351
 Chi^2/nu = 1.024 

-----------------------------------------------------------------------------
-----------------------------------------------------------------------------

Input image     : 00000002_r_stamp.fits[1:58,1:58] 
Init. par. file : galfit.01 
Restart file    : galfit.05 
Output image    : O_00000002_r_stamp.fits 

 sersic   : (30.07, 30.12)   18.68   2.41    4.00    0.60   83.23  0.00 
              (0.01, 0.01)   0.02    0.07    0.00    0.01   1.44   0.00 
 expdisk  : (30.74, 30.62)   19.92   9.03    0.57    44.38   0.00  
              (0.35, 0.35)   0.10    0.99    0.03    4.15    0.00  
 sky      : [29.50, 29.50]   2.58    0.00e+00   0.00e+00
                             0.00    0.00e+00   0.00e+00
 Chi^2 = 3432.41960,  ndof = 3351
 Chi^2/nu = 1.024 

-----------------------------------------------------------------------------
-----------------------------------------------------------------------------

Input image     : 00000002_r_stamp.fits[1:58,1:58] 
Init. par. file : galfit.01 
Restart file    : galfit.06 
Output image    : O_00000002_r_stamp.fits 

 sersic   : (30.07, 30.12)   18.68   2.41    4.00    0.60   83.23  0.00 
              (0.01, 0.01)   0.02    0.07    0.00    0.01   1.44   0.00 
 expdisk  : (30.74, 30.62)   19.92   9.03    0.57    44.38   0.00  
              (0.35, 0.35)   0.10    0.99    0.03    4.15    0.00  
 sky      : [29.50, 29.50]   2.58    0.00e+00   0.00e+00
                             0.00    0.00e+00   0.00e+00
 Chi^2 = 3432.41960,  ndof = 3351
 Chi^2/nu = 1.024 

-----------------------------------------------------------------------------
-----------------------------------------------------------------------------

Input image     : 00000002_r_stamp.fits[1:58,1:58] 
Init. par. file : galfit.01 
Restart file    : galfit.07 
Output image    : O_00000002_r_stamp.fits 

 sersic   : (30.07, 30.12)   18.68   2.41    4.00    0.60   83.23  0.00 
              (0.01, 0.01)   0.02    0.07    0.00    0.01   1.44   0.00 
 expdisk  : (30.74, 30.62)   19.92   9.03    0.57    44.38   0.00  
              (0.35, 0.35)   0.10    0.99    0.03    4.15    0.00  
 sky      : [29.50, 29.50]   2.58    0.00e+00   0.00e+00
                             0.00    0.00e+00   0.00e+00
 Chi^2 = 3432.41960,  ndof = 3351
 Chi^2/nu = 1.024 

-----------------------------------------------------------------------------
-----------------------------------------------------------------------------

Input image     : 00000002_r_stamp.fits[1:58,1:58] 
Init. par. file : galfit.01 
Restart file    : galfit.08 
Output image    : O_00000002_r_stamp.fits 

 sersic   : (30.07, 30.12)   18.68   2.41    4.00    0.60   83.23  0.00 
              (0.01, 0.01)   0.02    0.07    0.00    0.01   1.44   0.00 
 expdisk  : (30.74, 30.62)   19.92   9.03    0.57    44.38   0.00  
              (0.35, 0.35)   0.10    0.99    0.03    4.15    0.00  
 sky      : [29.50, 29.50]   2.58    0.00e+00   0.00e+00
                             0.00    0.00e+00   0.00e+00
 Chi^2 = 3432.41960,  ndof = 3351
 Chi^2/nu = 1.024 

-----------------------------------------------------------------------------
-----------------------------------------------------------------------------

Input image     : 00000002_r_stamp.fits[1:58,1:58] 
Init. par. file : galfit.01 
Restart file    : galfit.09 
Output image    : O_00000002_r_stamp.fits 

 sersic   : (30.07, 30.12)   18.68   2.41    4.00    0.60   83.23  0.00 
              (0.01, 0.01)   0.02    0.07    0.00    0.01   1.44   0.00 
 expdisk  : (30.74, 30.62)   19.92   9.03    0.57    44.38   0.00  
              (0.35, 0.35)   0.10    0.99    0.03    4.15    0.00  
 sky      : [29.50, 29.50]   2.58    0.00e+00   0.00e+00
                             0.00    0.00e+00   0.00e+00
 Chi^2 = 3432.41960,  ndof = 3351
 Chi^2/nu = 1.024 

-----------------------------------------------------------------------------
-----------------------------------------------------------------------------

Input image     : 00000002_r_stamp.fits[1:58,1:58] 
Init. par. file : galfit.01 
Restart file    : galfit.10 
Output image    : O_00000002_r_stamp.fits 

 sersic   : (30.07, 30.12)   18.68   2.41    4.00    0.60   83.23  0.00 
              (0.01, 0.01)   0.02    0.07    0.00    0.01   1.44   0.00 
 Chi^2 = 3432.41960,  ndof = 3351
 Chi^2/nu = 1.024 

-----------------------------------------------------------------------------
-----------------------------------------------------------------------------

Input image     : 00000002_r_stamp.fits[1:58,1:58] 
Init. par. file : galfit.01 
Restart file    : galfit.11 
Output image    : O_00000002_r_stamp.fits 

 sersic   : (30.07, 30.12)   18.68   2.41    4.00    0.60   83.23  0.00 
              (0.01, 0.01)   0.02    0.07    0.00    0.01   1.44   0.00 
 Chi^2 = 3432.41960,  ndof = 3351
 Chi^2/nu = 1.024 

-----------------------------------------------------------------------------
