-----------------------------------------------------------------------------

Input image     : /data2/home/ameert/pymorph/examples/postage_stamps/data/00000001_r_stamp.fits[1:215,1:215] 
Init. par. file : G_r_00000001_r_stamp.in 
Restart file    : galfit.01 
Output image    : O_r_00000001_r_stamp.fits 

 sersic   : (108.64, 108.49)   18.9360   7.7082    1.6529    0.3366   -86.0915  0.0000 
              (0.04, 0.02)   0.0138    0.1666    0.0478    0.0050   0.4442   0.0000 
 sky      : [108.00, 108.00]   2.8774    0.0000e+00   0.0000e+00
                             0.0005    0.0000e+00   0.0000e+00
 Chi^2 = 43535.3555230,  ndof = 44717
 Chi^2/nu = 0.97358 

-----------------------------------------------------------------------------
-----------------------------------------------------------------------------

Input image     : /data2/home/ameert/pymorph/examples/postage_stamps/data/00000003_r_stamp.fits[1:395,1:394] 
Init. par. file : G_r_00000003_r_stamp.in 
Restart file    : galfit.01 
Output image    : O_r_00000003_r_stamp.fits 

 sersic   : (198.48, 198.36)   18.3017   13.6373   1.4330    0.5795   3.9635   0.0000 
              (0.04, 0.06)   0.0143    0.2749    0.0293    0.0066   0.8076   0.0000 
 sky      : [198.00, 197.50]   2.8738    0.0000e+00   0.0000e+00
                             0.0003    0.0000e+00   0.0000e+00
 Chi^2 = 143720.1091980,  ndof = 150157
 Chi^2/nu = 0.95713 

-----------------------------------------------------------------------------
-----------------------------------------------------------------------------

Input image     : /data2/home/ameert/pymorph/examples/postage_stamps/data/00000008_r_stamp.fits[1:310,1:309] 
Init. par. file : G_r_00000008_r_stamp.in 
Restart file    : galfit.01 
Output image    : O_r_00000008_r_stamp.fits 

 sersic   : (156.23, 155.55)   18.8000   12.7849   0.7161    0.2214   11.5462  0.0000 
              (0.03, 0.10)   0.0088    0.1578    0.0224    0.0027   0.2308   0.0000 
 sky      : [155.50, 155.00]   2.8669    0.0000e+00   0.0000e+00
                             0.0004    0.0000e+00   0.0000e+00
 Chi^2 = 91493.1269426,  ndof = 90863
 Chi^2/nu = 1.00693 

-----------------------------------------------------------------------------
-----------------------------------------------------------------------------

Input image     : /data2/home/ameert/pymorph/examples/postage_stamps/data/00000009_r_stamp.fits[1:114,1:114] 
Init. par. file : G_r_00000009_r_stamp.in 
Restart file    : galfit.01 
Output image    : O_r_00000009_r_stamp.fits 

 sersic   : (57.62, 57.97)   19.0750   2.5657    1.8030    0.3485   -20.0561  0.0000 
              (0.01, 0.02)   0.0066    0.0390    0.0876    0.0090   0.5517   0.0000 
 sky      : [57.50, 57.50]   2.8501    0.0000e+00   0.0000e+00
                             0.0010    0.0000e+00   0.0000e+00
 Chi^2 = 12180.0924954,  ndof = 12159
 Chi^2/nu = 1.00173 

-----------------------------------------------------------------------------
-----------------------------------------------------------------------------

Input image     : /data2/home/ameert/pymorph/examples/postage_stamps/data/00000018_r_stamp.fits[1:122,1:196] 
Init. par. file : G_r_00000018_r_stamp.in 
Restart file    : galfit.01 
Output image    : O_r_00000018_r_stamp.fits 

 sersic   : (62.02, 99.05)   18.8968   8.1343    1.8630    0.2465   -89.5856  0.0000 
              (0.04, 0.02)   0.0160    0.2087    0.0655    0.0040   0.3408   0.0000 
 sky      : [61.50, 98.50]   2.8611    0.0000e+00   0.0000e+00
                             0.0007    0.0000e+00   0.0000e+00
 sersic   : (38.30, 103.08)   17.8775   13.9619   0.9990    0.2279   -26.7027  0.0000 
              (0.02, 0.04)   0.0052    0.1104    0.0140    0.0015   0.1254   0.0000 
 Chi^2 = 24233.0534800,  ndof = 23364
 Chi^2/nu = 1.03720 

-----------------------------------------------------------------------------
-----------------------------------------------------------------------------

Input image     : /data2/home/ameert/pymorph/examples/postage_stamps/data/00000023_r_stamp.fits[1:268,1:268] 
Init. par. file : G_r_00000023_r_stamp.in 
Restart file    : galfit.01 
Output image    : O_r_00000023_r_stamp.fits 

 sersic   : (134.87, 135.05)   19.0641   7.0782    0.9473    0.8296   55.1553  0.0000 
              (0.05, 0.04)   0.0132    0.1379    0.0310    0.0119   3.2243   0.0000 
 sky      : [134.50, 134.50]   2.8426    0.0000e+00   0.0000e+00
                             0.0004    0.0000e+00   0.0000e+00
 Chi^2 = 69742.0945618,  ndof = 70225
 Chi^2/nu = 0.99312 

-----------------------------------------------------------------------------
-----------------------------------------------------------------------------

Input image     : /data2/home/ameert/pymorph/examples/postage_stamps/data/00000024_r_stamp.fits[1:193,1:194] 
Init. par. file : G_r_00000024_r_stamp.in 
Restart file    : galfit.01 
Output image    : O_r_00000024_r_stamp.fits 

 sersic   : (97.44, 98.14)   18.1836   7.6232    6.4143    0.9747   3.1142   0.0000 
              (0.02, 0.02)   0.0374    0.6188    0.3319    0.0160   19.9535  0.0000 
 sky      : [97.00, 97.50]   2.8347    0.0000e+00   0.0000e+00
                             0.0006    0.0000e+00   0.0000e+00
 Chi^2 = 35240.3681047,  ndof = 36167
 Chi^2/nu = 0.97438 

-----------------------------------------------------------------------------
-----------------------------------------------------------------------------

Input image     : /data2/home/ameert/pymorph/examples/postage_stamps/data/00000027_r_stamp.fits[1:208,1:208] 
Init. par. file : G_r_00000027_r_stamp.in 
Restart file    : galfit.01 
Output image    : O_r_00000027_r_stamp.fits 

 sersic   : (104.69, 104.78)   18.4921   6.8773    4.5735    0.8723   -36.9208  0.0000 
              (0.02, 0.02)   0.0309    0.4114    0.2130    0.0158   4.0663   0.0000 
 sky      : [104.50, 104.50]   2.8573    0.0000e+00   0.0000e+00
                             0.0005    0.0000e+00   0.0000e+00
 Chi^2 = 39927.4511410,  ndof = 41940
 Chi^2/nu = 0.95201 

-----------------------------------------------------------------------------
