
#  Chi^2/nu = 0.998,  Chi^2 = 18445.146,  Ndof = 18480

================================================================================
# IMAGE and GALFIT CONTROL PARAMETERS
A) /data2/home/ameert/pymorph/examples/postage_stamps/data/00000066_r_stamp.fits      # Input data image (FITS file)
B) O_r_00000066_r_stamp.fits      # Output data image block
C) /data2/home/ameert/pymorph/examples/postage_stamps/data/00000066_r_stamp_W.fits      # Sigma image name (made from data if blank or "none") 
D) /data2/home/ameert/pymorph/examples/postage_stamps/data/00000066_r_psf.fits #        # Input PSF image and (optional) diffusion kernel
E) 1                   # PSF oversampling factor relative to data 
F) M_r_00000066_r_stamp.fits      # Bad pixel mask (FITS image or ASCII coord list)
G) r_00000066_r_stamp.con      # File with parameter constraints (ASCII file) 
H) 1    140  1    141  # Image region to fit (xmin xmax ymin ymax)
I) 100    100          # Size of the convolution box (x y)
J) 25.256              # Magnitude photometric zeropoint 
K) 0.000  0.000        # Plate scale (dx dy) 
O) regular             # Display type (regular, curses, both)
P) 0                   # Create ouput only? (1=yes; 0=optimize) 
S) 0                   # Modify/create objects interactively?

# INITIAL FITTING PARAMETERS
#
#   For object type, the allowed functions are: 
#       nuker, sersic, expdisk, devauc, king, psf, gaussian, and moffat.

# Objtype:      Fit?         Parameters 

# Object number: 1
 0)     sersic         #    Object type
 1) 70.7848 71.6110 1 1  #   position x, y
 3) 19.0059    1       #  total magnitude 
 4) 2.2260     1       #      R_e
 5) 4.0420     1       #  exponent (de Vaucouleurs = 4) 
 6) -959892362019182527582872065277952.0000    0       #     ----- 
 7) 0.0000     0       #     ----- 
 8) 0.9083     1       #  axis ratio (b/a)  
 9) 35.0518    1       #  position angle (PA) 
10) 0.0000     0       #  diskiness(-)/boxiness(+)
 Z) 0                  #  Output option (0 = residual, 1 = Don't subtract) 

# Object number: 2
 0)        sky         #    Object type
 1) 3.0103     1       #  sky background at center of fitting region  
 2) 0.0000     0       #  dsky/dx (sky gradient in x) 
 3) 0.0000     0       #  dsky/dy (sky gradient in y) 
 Z) 0                  #  Output option (0 = residual, 1 = Don't subtract) 

# Object number: 3
 0)     sersic         #    Object type
 1) 79.1094 73.5917 1 1  #   position x, y
 3) 18.6492    1       #  total magnitude 
 4) 0.0140     1       #      R_e
 5) 8.0771     1       #  exponent (de Vaucouleurs = 4) 
 6) 0.0000     0       #     ----- 
 7) 0.0000     0       #     ----- 
 8) 0.9663     1       #  axis ratio (b/a)  
 9) 58.4163    1       #  position angle (PA) 
10) 0.0000     0       #  diskiness(-)/boxiness(+)
 Z) 0                  #  Output option (0 = residual, 1 = Don't subtract) 

================================================================================

