
#  Chi^2/nu = 1.037,  Chi^2 = 24233.053,  Ndof = 23364

================================================================================
# IMAGE and GALFIT CONTROL PARAMETERS
A) /data2/home/ameert/pymorph/examples/postage_stamps/data/00000018_r_stamp.fits      # Input data image (FITS file)
B) O_r_00000018_r_stamp.fits      # Output data image block
C) /data2/home/ameert/pymorph/examples/postage_stamps/data/00000018_r_stamp_W.fits      # Sigma image name (made from data if blank or "none") 
D) /data2/home/ameert/pymorph/examples/postage_stamps/data/00000018_r_psf.fits #        # Input PSF image and (optional) diffusion kernel
E) 1                   # PSF oversampling factor relative to data 
F) M_r_00000018_r_stamp.fits      # Bad pixel mask (FITS image or ASCII coord list)
G) r_00000018_r_stamp.con      # File with parameter constraints (ASCII file) 
H) 1    122  1    196  # Image region to fit (xmin xmax ymin ymax)
I) 100    100          # Size of the convolution box (x y)
J) 25.256              # Magnitude photometric zeropoint 
K) 0.000  0.000        # Plate scale (dx dy) 
O) regular             # Display type (regular, curses, both)
P) 0                   # Create ouput only? (1=yes; 0=optimize) 
S) 0                   # Modify/create objects interactively?

# INITIAL FITTING PARAMETERS
#
#   For object type, the allowed functions are: 
#       nuker, sersic, expdisk, devauc, king, psf, gaussian, and moffat.

# Objtype:      Fit?         Parameters 

# Object number: 1
 0)     sersic         #    Object type
 1) 62.0230 99.0481 1 1  #   position x, y
 3) 18.8968    1       #  total magnitude 
 4) 8.1343     1       #      R_e
 5) 1.8630     1       #  exponent (de Vaucouleurs = 4) 
 6) -959892362019182527582872065277952.0000    0       #     ----- 
 7) 0.0000     0       #     ----- 
 8) 0.2465     1       #  axis ratio (b/a)  
 9) -89.5856    1       #  position angle (PA) 
10) 0.0000     0       #  diskiness(-)/boxiness(+)
 Z) 0                  #  Output option (0 = residual, 1 = Don't subtract) 

# Object number: 2
 0)        sky         #    Object type
 1) 2.8611     1       #  sky background at center of fitting region  
 2) 0.0000     0       #  dsky/dx (sky gradient in x) 
 3) 0.0000     0       #  dsky/dy (sky gradient in y) 
 Z) 0                  #  Output option (0 = residual, 1 = Don't subtract) 

# Object number: 3
 0)     sersic         #    Object type
 1) 38.2959 103.0765 1 1  #   position x, y
 3) 17.8775    1       #  total magnitude 
 4) 13.9619    1       #      R_e
 5) 0.9990     1       #  exponent (de Vaucouleurs = 4) 
 6) 0.0000     0       #     ----- 
 7) 0.0000     0       #     ----- 
 8) 0.2279     1       #  axis ratio (b/a)  
 9) -26.7027    1       #  position angle (PA) 
10) 0.0000     0       #  diskiness(-)/boxiness(+)
 Z) 0                  #  Output option (0 = residual, 1 = Don't subtract) 

================================================================================

